#
# There is insufficient memory for the Java Runtime Environment to continue.
# Native memory allocation (malloc) failed to allocate 32744 bytes for ChunkPool::allocate
# Possible reasons:
#   The system is out of physical RAM or swap space
#   In 32 bit mode, the process size limit was hit
# Possible solutions:
#   Reduce memory load on the system
#   Increase physical memory or swap space
#   Check if swap backing store is full
#   Use 64 bit Java on a 64 bit OS
#   Decrease Java heap size (-Xmx/-Xms)
#   Decrease number of Java threads
#   Decrease Java thread stack sizes (-Xss)
#   Set larger code cache with -XX:ReservedCodeCacheSize=
# This output file may be truncated or incomplete.
#
#  Out of Memory Error (allocation.cpp:273), pid=7744, tid=0x0000000000001c68
#
# JRE version: Java(TM) SE Runtime Environment (8.0_181-b13) (build 1.8.0_181-b13)
# Java VM: Java HotSpot(TM) 64-Bit Server VM (25.181-b13 mixed mode windows-amd64 compressed oops)
# Failed to write core dump. Minidumps are not enabled by default on client versions of Windows
#

---------------  T H R E A D  ---------------

Current thread (0x00000000178e8800):  JavaThread "C1 CompilerThread2" daemon [_thread_in_native, id=7272, stack(0x0000000019140000,0x0000000019240000)]

Stack: [0x0000000019140000,0x0000000019240000]
[error occurred during error reporting (printing stack bounds), id 0xc0000005]

Native frames: (J=compiled Java code, j=interpreted, Vv=VM code, C=native code)


Current CompileTask:
C1:  12259  974       3       java.util.regex.Pattern::expr (142 bytes)


---------------  P R O C E S S  ---------------

Java Threads: ( => current thread )
  0x000000001aa65800 JavaThread "Read output from: Gradle build daemon Thread 2" [_thread_in_native, id=7992, stack(0x000000001ba50000,0x000000001bb50000)]
  0x000000001ad16000 JavaThread "Run Gradle build daemon" [_thread_blocked, id=7340, stack(0x000000001b850000,0x000000001b950000)]
  0x0000000019c2f000 JavaThread "pool-1-thread-1" [_thread_blocked, id=3096, stack(0x000000001a040000,0x000000001a140000)]
  0x000000001926a800 JavaThread "Service Thread" daemon [_thread_blocked, id=588, stack(0x0000000019640000,0x0000000019740000)]
=>0x00000000178e8800 JavaThread "C1 CompilerThread2" daemon [_thread_in_native, id=7272, stack(0x0000000019140000,0x0000000019240000)]
  0x00000000178e5800 JavaThread "C2 CompilerThread1" daemon [_thread_blocked, id=3464, stack(0x0000000019040000,0x0000000019140000)]
  0x00000000178e1000 JavaThread "C2 CompilerThread0" daemon [_thread_blocked, id=6140, stack(0x0000000018f40000,0x0000000019040000)]
  0x00000000178df800 JavaThread "Attach Listener" daemon [_thread_blocked, id=9992, stack(0x0000000018e40000,0x0000000018f40000)]
  0x00000000178de000 JavaThread "Signal Dispatcher" daemon [_thread_blocked, id=13100, stack(0x0000000018d40000,0x0000000018e40000)]
  0x0000000002deb000 JavaThread "Finalizer" daemon [_thread_blocked, id=4056, stack(0x0000000018b50000,0x0000000018c50000)]
  0x0000000002de2000 JavaThread "Reference Handler" daemon [_thread_blocked, id=2940, stack(0x0000000018a50000,0x0000000018b50000)]
  0x0000000002cf2800 JavaThread "main" [_thread_blocked, id=10128, stack(0x0000000002b10000,0x0000000002c10000)]

Other Threads:
  0x00000000178a7800 VMThread [stack: 0x0000000018950000,0x0000000018a50000] [id=3396]
  0x00000000192a4800 WatcherThread [stack: 0x0000000019740000,0x0000000019840000] [id=2636]

VM state:not at safepoint (normal execution)

VM Mutex/Monitor currently owned by a thread: None

Heap:
 PSYoungGen      total 37888K, used 5774K [0x00000000d6000000, 0x00000000d8a00000, 0x0000000100000000)
  eden space 32768K, 2% used [0x00000000d6000000,0x00000000d60a3ec0,0x00000000d8000000)
  from space 5120K, 99% used [0x00000000d8500000,0x00000000d89ffbb0,0x00000000d8a00000)
  to   space 5120K, 0% used [0x00000000d8000000,0x00000000d8000000,0x00000000d8500000)
 ParOldGen       total 86016K, used 601K [0x0000000082000000, 0x0000000087400000, 0x00000000d6000000)
  object space 86016K, 0% used [0x0000000082000000,0x0000000082096668,0x0000000087400000)
 Metaspace       used 11876K, capacity 12110K, committed 12288K, reserved 1060864K
  class space    used 1600K, capacity 1715K, committed 1792K, reserved 1048576K

Card table byte_map: [0x00000000121b0000,0x00000000125b0000] byte_map_base: 0x0000000011da0000

Marking Bits: (ParMarkBitMap*) 0x0000000060af2d00
 Begin Bits: [0x0000000012c50000, 0x0000000014bd0000)
 End Bits:   [0x0000000014bd0000, 0x0000000016b50000)

Polling page: 0x00000000012d0000

CodeCache: size=245760Kb used=3634Kb max_used=3641Kb free=242125Kb
 bounds [0x0000000002df0000, 0x0000000003190000, 0x0000000011df0000]
 total_blobs=1333 nmethods=973 adapters=272
 compilation: enabled

Compilation events (10 events):
Event: 3.832 Thread 0x00000000178e8800  966       3       sun.misc.ProxyGenerator$ConstantPool::getNameAndType (30 bytes)
Event: 3.833 Thread 0x00000000178e8800 nmethod 966 0x0000000003179d50 code [0x0000000003179f40, 0x000000000317a628]
Event: 3.833 Thread 0x00000000178e8800  971       3       java.lang.Class::reflectionData (49 bytes)
Event: 3.838 Thread 0x00000000178e1000 nmethod 970 0x00000000031796d0 code [0x0000000003179820, 0x0000000003179bc8]
Event: 3.838 Thread 0x00000000178e8800 nmethod 971 0x000000000317e390 code [0x000000000317e520, 0x000000000317ea28]
Event: 3.838 Thread 0x00000000178e8800  972       1       java.lang.ref.Finalizer::access$000 (4 bytes)
Event: 3.838 Thread 0x00000000178e8800 nmethod 972 0x0000000003179450 code [0x00000000031795a0, 0x0000000003179690]
Event: 3.839 Thread 0x00000000178e5800  973   !   4       java.util.zip.ZipFile$ZipFileInputStream::close (110 bytes)
Event: 3.923 Thread 0x00000000178e5800 nmethod 973 0x000000000317be50 code [0x000000000317bfc0, 0x000000000317c878]
Event: 11.827 Thread 0x00000000178e8800  974       3       java.util.regex.Pattern::expr (142 bytes)

GC Heap History (4 events):
Event: 1.479 GC heap before
{Heap before GC invocations=1 (full 0):
 PSYoungGen      total 37888K, used 32768K [0x00000000d6000000, 0x00000000d8a00000, 0x0000000100000000)
  eden space 32768K, 100% used [0x00000000d6000000,0x00000000d8000000,0x00000000d8000000)
  from space 5120K, 0% used [0x00000000d8500000,0x00000000d8500000,0x00000000d8a00000)
  to   space 5120K, 0% used [0x00000000d8000000,0x00000000d8000000,0x00000000d8500000)
 ParOldGen       total 86016K, used 0K [0x0000000082000000, 0x0000000087400000, 0x00000000d6000000)
  object space 86016K, 0% used [0x0000000082000000,0x0000000082000000,0x0000000087400000)
 Metaspace       used 9034K, capacity 9216K, committed 9216K, reserved 1056768K
  class space    used 1192K, capacity 1280K, committed 1280K, reserved 1048576K
Event: 1.485 GC heap after
Heap after GC invocations=1 (full 0):
 PSYoungGen      total 37888K, used 5089K [0x00000000d6000000, 0x00000000d8a00000, 0x0000000100000000)
  eden space 32768K, 0% used [0x00000000d6000000,0x00000000d6000000,0x00000000d8000000)
  from space 5120K, 99% used [0x00000000d8000000,0x00000000d84f8468,0x00000000d8500000)
  to   space 5120K, 0% used [0x00000000d8500000,0x00000000d8500000,0x00000000d8a00000)
 ParOldGen       total 86016K, used 425K [0x0000000082000000, 0x0000000087400000, 0x00000000d6000000)
  object space 86016K, 0% used [0x0000000082000000,0x000000008206a5f0,0x0000000087400000)
 Metaspace       used 9034K, capacity 9216K, committed 9216K, reserved 1056768K
  class space    used 1192K, capacity 1280K, committed 1280K, reserved 1048576K
}
Event: 3.833 GC heap before
{Heap before GC invocations=2 (full 0):
 PSYoungGen      total 37888K, used 37857K [0x00000000d6000000, 0x00000000d8a00000, 0x0000000100000000)
  eden space 32768K, 100% used [0x00000000d6000000,0x00000000d8000000,0x00000000d8000000)
  from space 5120K, 99% used [0x00000000d8000000,0x00000000d84f8468,0x00000000d8500000)
  to   space 5120K, 0% used [0x00000000d8500000,0x00000000d8500000,0x00000000d8a00000)
 ParOldGen       total 86016K, used 425K [0x0000000082000000, 0x0000000087400000, 0x00000000d6000000)
  object space 86016K, 0% used [0x0000000082000000,0x000000008206a5f0,0x0000000087400000)
 Metaspace       used 11825K, capacity 12046K, committed 12288K, reserved 1060864K
  class space    used 1598K, capacity 1715K, committed 1792K, reserved 1048576K
Event: 3.837 GC heap after
Heap after GC invocations=2 (full 0):
 PSYoungGen      total 37888K, used 5118K [0x00000000d6000000, 0x00000000d8a00000, 0x0000000100000000)
  eden space 32768K, 0% used [0x00000000d6000000,0x00000000d6000000,0x00000000d8000000)
  from space 5120K, 99% used [0x00000000d8500000,0x00000000d89ffbb0,0x00000000d8a00000)
  to   space 5120K, 0% used [0x00000000d8000000,0x00000000d8000000,0x00000000d8500000)
 ParOldGen       total 86016K, used 601K [0x0000000082000000, 0x0000000087400000, 0x00000000d6000000)
  object space 86016K, 0% used [0x0000000082000000,0x0000000082096668,0x0000000087400000)
 Metaspace       used 11825K, capacity 12046K, committed 12288K, reserved 1060864K
  class space    used 1598K, capacity 1715K, committed 1792K, reserved 1048576K
}

Deoptimization events (7 events):
Event: 0.458 Thread 0x0000000002cf2800 Uncommon trap: reason=unstable_if action=reinterpret pc=0x0000000002f6e3f8 method=java.lang.String.startsWith(Ljava/lang/String;I)Z @ 25
Event: 1.913 Thread 0x0000000002cf2800 Uncommon trap: reason=unstable_if action=reinterpret pc=0x0000000003037110 method=java.util.HashMap.getNode(ILjava/lang/Object;)Ljava/util/HashMap$Node; @ 129
Event: 1.913 Thread 0x0000000002cf2800 Uncommon trap: reason=class_check action=maybe_recompile pc=0x000000000307a584 method=java.util.HashMap.putVal(ILjava/lang/Object;Ljava/lang/Object;ZZ)Ljava/lang/Object; @ 203
Event: 3.831 Thread 0x000000001ad16000 Uncommon trap: reason=unstable_if action=reinterpret pc=0x00000000030307fc method=java.util.HashMap.getNode(ILjava/lang/Object;)Ljava/util/HashMap$Node; @ 129
Event: 3.831 Thread 0x000000001ad16000 Uncommon trap: reason=class_check action=maybe_recompile pc=0x000000000307a584 method=java.util.HashMap.putVal(ILjava/lang/Object;Ljava/lang/Object;ZZ)Ljava/lang/Object; @ 203
Event: 3.831 Thread 0x000000001ad16000 Uncommon trap: reason=class_check action=maybe_recompile pc=0x000000000307a584 method=java.util.HashMap.putVal(ILjava/lang/Object;Ljava/lang/Object;ZZ)Ljava/lang/Object; @ 203
Event: 11.827 Thread 0x000000001aa65800 Uncommon trap: reason=class_check action=maybe_recompile pc=0x00000000030a2548 method=java.util.regex.Pattern$Slice.match(Ljava/util/regex/Matcher;ILjava/lang/CharSequence;)Z @ 49

Classes redefined (0 events):
No events

Internal exceptions (10 events):
Event: 0.722 Thread 0x0000000002cf2800 Exception <a 'java/security/PrivilegedActionException'> (0x00000000d6e5ddd8) thrown at [C:\re\workspace\8-2-build-windows-amd64-cygwin\jdk8u181\11358\hotspot\src\share\vm\prims\jvm.cpp, line 1435]
Event: 1.355 Thread 0x0000000002cf2800 Exception <a 'java/lang/ArrayIndexOutOfBoundsException'> (0x00000000d7801eb0) thrown at [C:\re\workspace\8-2-build-windows-amd64-cygwin\jdk8u181\11358\hotspot\src\share\vm\runtime\sharedRuntime.cpp, line 605]
Event: 1.356 Thread 0x0000000002cf2800 Exception <a 'java/lang/ArrayIndexOutOfBoundsException'> (0x00000000d78037d0) thrown at [C:\re\workspace\8-2-build-windows-amd64-cygwin\jdk8u181\11358\hotspot\src\share\vm\runtime\sharedRuntime.cpp, line 605]
Event: 1.356 Thread 0x0000000002cf2800 Exception <a 'java/lang/ArrayIndexOutOfBoundsException'> (0x00000000d78051c8) thrown at [C:\re\workspace\8-2-build-windows-amd64-cygwin\jdk8u181\11358\hotspot\src\share\vm\runtime\sharedRuntime.cpp, line 605]
Event: 1.356 Thread 0x0000000002cf2800 Exception <a 'java/lang/ArrayIndexOutOfBoundsException'> (0x00000000d7806fa8) thrown at [C:\re\workspace\8-2-build-windows-amd64-cygwin\jdk8u181\11358\hotspot\src\share\vm\runtime\sharedRuntime.cpp, line 605]
Event: 1.822 Thread 0x0000000002cf2800 Exception <a 'java/lang/ArrayIndexOutOfBoundsException'> (0x00000000d7566238) thrown at [C:\re\workspace\8-2-build-windows-amd64-cygwin\jdk8u181\11358\hotspot\src\share\vm\runtime\sharedRuntime.cpp, line 605]
Event: 1.822 Thread 0x0000000002cf2800 Exception <a 'java/lang/ArrayIndexOutOfBoundsException'> (0x00000000d75670d8) thrown at [C:\re\workspace\8-2-build-windows-amd64-cygwin\jdk8u181\11358\hotspot\src\share\vm\runtime\sharedRuntime.cpp, line 605]
Event: 1.850 Thread 0x0000000002cf2800 Exception <a 'java/lang/NoClassDefFoundError': org/slf4j/impl/StaticMarkerBinder> (0x00000000d7682730) thrown at [C:\re\workspace\8-2-build-windows-amd64-cygwin\jdk8u181\11358\hotspot\src\share\vm\classfile\systemDictionary.cpp, line 199]
Event: 2.374 Thread 0x0000000002cf2800 Exception <a 'java/lang/NoSuchFieldError': method resolution failed> (0x00000000d7af48d0) thrown at [C:\re\workspace\8-2-build-windows-amd64-cygwin\jdk8u181\11358\hotspot\src\share\vm\prims\methodHandles.cpp, line 1167]
Event: 2.376 Thread 0x0000000002cf2800 Exception <a 'java/lang/NoSuchFieldError': method resolution failed> (0x00000000d7b01fc0) thrown at [C:\re\workspace\8-2-build-windows-amd64-cygwin\jdk8u181\11358\hotspot\src\share\vm\prims\methodHandles.cpp, line 1167]

Events (10 events):
Event: 3.944 loading class java/util/regex/Pattern$6 done
Event: 3.944 loading class java/util/Scanner$1
Event: 3.944 loading class sun/misc/LRUCache
Event: 4.013 loading class sun/misc/LRUCache done
Event: 4.014 loading class java/util/Scanner$1 done
Event: 4.269 Executing VM operation: EnableBiasedLocking
Event: 4.286 Executing VM operation: EnableBiasedLocking done
Event: 11.827 Thread 0x000000001aa65800 Uncommon trap: trap_request=0xffffffde fr.pc=0x00000000030a2548
Event: 11.827 Thread 0x000000001aa65800 DEOPT PACKING pc=0x00000000030a2548 sp=0x000000001bb4ef70
Event: 11.827 Thread 0x000000001aa65800 DEOPT UNPACKING pc=0x0000000002e3583b sp=0x000000001bb4ef20 mode 2


Dynamic libraries:
0x00007ff6f3150000 - 0x00007ff6f3187000 	C:\Program Files\Java\jdk1.8.0_181\bin\java.exe
0x00007ffaf4820000 - 0x00007ffaf49fb000 	C:\Windows\SYSTEM32\ntdll.dll
0x00007ffaf3c10000 - 0x00007ffaf3cbe000 	C:\Windows\System32\KERNEL32.DLL
0x00007ffaf0fb0000 - 0x00007ffaf11f9000 	C:\Windows\System32\KERNELBASE.dll
0x00007ffaf1e00000 - 0x00007ffaf1ea1000 	C:\Windows\System32\ADVAPI32.dll
0x00007ffaf1eb0000 - 0x00007ffaf1f4d000 	C:\Windows\System32\msvcrt.dll
0x00007ffaf41d0000 - 0x00007ffaf4229000 	C:\Windows\System32\sechost.dll
0x00007ffaf3850000 - 0x00007ffaf3975000 	C:\Windows\System32\RPCRT4.dll
0x00007ffaf21f0000 - 0x00007ffaf233a000 	C:\Windows\System32\USER32.dll
0x00007ffaf1cd0000 - 0x00007ffaf1cee000 	C:\Windows\System32\win32u.dll
0x00007ffaf4100000 - 0x00007ffaf4127000 	C:\Windows\System32\GDI32.dll
0x00007ffaf0db0000 - 0x00007ffaf0f37000 	C:\Windows\System32\gdi32full.dll
0x00007ffaf0d10000 - 0x00007ffaf0daa000 	C:\Windows\System32\msvcp_win.dll
0x00007ffaf14d0000 - 0x00007ffaf15c6000 	C:\Windows\System32\ucrtbase.dll
0x00007ffae3cd0000 - 0x00007ffae3f37000 	C:\Windows\WinSxS\amd64_microsoft.windows.common-controls_6595b64144ccf1df_6.0.15063.483_none_26002d27e7c744a2\COMCTL32.dll
0x00007ffaf4290000 - 0x00007ffaf4589000 	C:\Windows\System32\combase.dll
0x00007ffaf0f40000 - 0x00007ffaf0faa000 	C:\Windows\System32\bcryptPrimitives.dll
0x00007ffaf1dd0000 - 0x00007ffaf1dfd000 	C:\Windows\System32\IMM32.DLL
0x00000000619e0000 - 0x0000000061ab2000 	C:\Program Files\Java\jdk1.8.0_181\jre\bin\msvcr100.dll
0x00000000602d0000 - 0x0000000060b72000 	C:\Program Files\Java\jdk1.8.0_181\jre\bin\server\jvm.dll
0x00007ffaf1d50000 - 0x00007ffaf1d58000 	C:\Windows\System32\PSAPI.DLL
0x00007ffae1630000 - 0x00007ffae163a000 	C:\Windows\SYSTEM32\VERSION.dll
0x00007ffae0740000 - 0x00007ffae0749000 	C:\Windows\SYSTEM32\WSOCK32.dll
0x00007ffaef280000 - 0x00007ffaef2a3000 	C:\Windows\SYSTEM32\WINMM.dll
0x00007ffaf3780000 - 0x00007ffaf37ec000 	C:\Windows\System32\WS2_32.dll
0x00007ffaef250000 - 0x00007ffaef27b000 	C:\Windows\SYSTEM32\winmmbase.dll
0x00007ffaf1480000 - 0x00007ffaf14c9000 	C:\Windows\System32\cfgmgr32.dll
0x0000000062da0000 - 0x0000000062daf000 	C:\Program Files\Java\jdk1.8.0_181\jre\bin\verify.dll
0x0000000062d70000 - 0x0000000062d99000 	C:\Program Files\Java\jdk1.8.0_181\jre\bin\java.dll
0x0000000061fe0000 - 0x0000000061ff6000 	C:\Program Files\Java\jdk1.8.0_181\jre\bin\zip.dll
0x00007ffaf2340000 - 0x00007ffaf3777000 	C:\Windows\System32\SHELL32.dll
0x00007ffaf20a0000 - 0x00007ffaf214a000 	C:\Windows\System32\shcore.dll
0x00007ffaf15d0000 - 0x00007ffaf1cc1000 	C:\Windows\System32\windows.storage.dll
0x00007ffaf1d60000 - 0x00007ffaf1db1000 	C:\Windows\System32\shlwapi.dll
0x00007ffaf0cd0000 - 0x00007ffaf0ce1000 	C:\Windows\System32\kernel.appcore.dll
0x00007ffaf0c60000 - 0x00007ffaf0cac000 	C:\Windows\System32\powrprof.dll
0x00007ffaf0cb0000 - 0x00007ffaf0cc5000 	C:\Windows\System32\profapi.dll
0x0000000061fc0000 - 0x0000000061fda000 	C:\Program Files\Java\jdk1.8.0_181\jre\bin\net.dll
0x00007ffaf0510000 - 0x00007ffaf056c000 	C:\Windows\system32\mswsock.dll
0x0000000061fa0000 - 0x0000000061fb1000 	C:\Program Files\Java\jdk1.8.0_181\jre\bin\nio.dll
0x00007ffae6a30000 - 0x00007ffae6a4e000 	C:\Users\TM36916\.gradle\native\25\windows-amd64\native-platform.dll
0x00007ffaeb800000 - 0x00007ffaeb80a000 	C:\Users\TM36916\.gradle\native\jansi\1.14\windows64\jansi.dll
0x00007ffaf06c0000 - 0x00007ffaf06d7000 	C:\Windows\SYSTEM32\CRYPTSP.dll
0x00007ffaf0140000 - 0x00007ffaf0174000 	C:\Windows\system32\rsaenh.dll
0x00007ffaf0900000 - 0x00007ffaf0925000 	C:\Windows\SYSTEM32\bcrypt.dll
0x00007ffaf0b60000 - 0x00007ffaf0b89000 	C:\Windows\SYSTEM32\USERENV.dll
0x00007ffaf06b0000 - 0x00007ffaf06bb000 	C:\Windows\SYSTEM32\CRYPTBASE.dll
0x00007ffaf02b0000 - 0x00007ffaf02e7000 	C:\Windows\SYSTEM32\IPHLPAPI.DLL
0x00007ffaf3980000 - 0x00007ffaf3988000 	C:\Windows\System32\NSI.dll
0x00007ffaed400000 - 0x00007ffaed416000 	C:\Windows\SYSTEM32\dhcpcsvc6.DLL
0x00007ffaed3e0000 - 0x00007ffaed3fa000 	C:\Windows\SYSTEM32\dhcpcsvc.DLL
0x0000000061ef0000 - 0x0000000061efd000 	C:\Program Files\Java\jdk1.8.0_181\jre\bin\management.dll

VM Arguments:
jvm_args: -Dorg.gradle.appname=gradlew 
java_command: org.gradle.wrapper.GradleWrapperMain installDebug
java_class_path (initial): C:\reactnative\projectaku\android\\gradle\wrapper\gradle-wrapper.jar
Launcher Type: SUN_STANDARD

Environment Variables:
JAVA_HOME=C:\Program Files\Java\jdk1.8.0_181
CLASSPATH=C:\reactnative\projectaku\android\\gradle\wrapper\gradle-wrapper.jar
PATH=C:\Program Files (x86)\Common Files\Oracle\Java\javapath;C:\Python27\;C:\Python27\Scripts;C:\Program Files (x86)\Intel\iCLS Client\;C:\Program Files\Intel\iCLS Client\;C:\Windows\system32;C:\Windows;C:\Windows\System32\Wbem;C:\Windows\System32\WindowsPowerShell\v1.0\;C:\Program Files (x86)\Brackets\command;C:\Program Files (x86)\Intel\Intel(R) Management Engine Components\DAL;C:\Program Files\Intel\Intel(R) Management Engine Components\DAL;C:\Program Files (x86)\Intel\Intel(R) Management Engine Components\IPT;C:\Program Files\Intel\Intel(R) Management Engine Components\IPT;C:\Program Files\PuTTY\;C:\Program Files (x86)\Kaspersky Lab\Kaspersky Endpoint Security for Windows\;C:\Program Files (x86)\Yarn\bin\;C:\Program Files\Microsoft VS Code\bin;C:\Program Files\Git\cmd;C:\ProgramData\chocolatey\bin;C:\Program Files\Java\jdk1.8.0_181\bin;C:\Program Files\nodejs\;C:\Users\TM36916\AppData\Local\Microsoft\WindowsApps;C:\Users\TM36916\AppData\Local\Yarn\bin;C:\Users\TM36916\AppData\Local\atom\bin;C:\Users\TM36916\AppData\Roaming\npm;C:\Users\TM36916\AppData\Local\Programs\Microsoft VS Code\bin
USERNAME=TM36916
OS=Windows_NT
PROCESSOR_IDENTIFIER=Intel64 Family 6 Model 142 Stepping 9, GenuineIntel



---------------  S Y S T E M  ---------------

OS: Windows 10.0 , 64 bit Build 15063 (10.0.15063.296)

CPU:total 4 (initial active 4) (2 cores per cpu, 2 threads per core) family 6 model 142 stepping 9, cmov, cx8, fxsr, mmx, sse, sse2, sse3, ssse3, sse4.1, sse4.2, popcnt, avx, avx2, aes, clmul, erms, 3dnowpref, lzcnt, ht, tsc, tscinvbit, bmi1, bmi2, adx

Memory: 4k page, physical 8251556k(624204k free), swap 11104420k(31724k free)

vm_info: Java HotSpot(TM) 64-Bit Server VM (25.181-b13) for windows-amd64 JRE (1.8.0_181-b13), built on Jul  7 2018 04:01:33 by "java_re" with MS VC++ 10.0 (VS2010)

time: Mon Aug 20 18:54:09 2018
elapsed time: 12 seconds (0d 0h 0m 12s)

